2016-06-29 17:14:00 ERROR ConfigurationProperties:325 - java.io.FileNotFoundException: File '' does not exist
2016-06-29 17:16:30 ERROR ConfigurationProperties:325 - java.io.FileNotFoundException: File '' does not exist
2016-06-29 17:17:07 ERROR ConfigurationProperties:325 - java.io.FileNotFoundException: File 'perTest' does not exist
2016-06-29 17:17:07 ERROR ConfigurationProperties:325 - java.io.FileNotFoundException: File 'perTest' does not exist
2016-06-29 17:17:07 ERROR ConfigurationProperties:325 - java.io.FileNotFoundException: File '' does not exist
2016-06-29 17:17:15 ERROR ConfigurationProperties:325 - java.io.FileNotFoundException: File '' does not exist
2016-06-29 17:17:44 ERROR ConfigurationProperties:325 - File '' does not exist
2016-06-29 17:18:19 ERROR ConfigurationProperties:325 - java.io.FileNotFoundException: File '' does not exist
2016-06-29 17:34:25 ERROR ConfigurationProperties:325 - java.io.FileNotFoundException: File '' does not exist
2016-06-29 17:34:43 ERROR ConfigurationProperties:325 - java.io.FileNotFoundException: File '' does not exist
2016-06-29 17:36:15 ERROR ConfigurationProperties:325 - java.io.FileNotFoundException: File '' does not exist
2016-06-29 17:37:59 ERROR ConfigurationProperties:325 - java.io.FileNotFoundException: File 'vuoto' does not exist
2016-06-29 17:38:30 ERROR ConfigurationProperties:325 - java.io.FileNotFoundException: File 'vuoto' does not exist
2016-06-29 17:38:40 ERROR ConfigurationProperties:325 - java.io.FileNotFoundException: File 'vuoto' does not exist
2016-06-29 17:38:52 ERROR ConfigurationProperties:325 - java.io.FileNotFoundException: File 'vuoto' does not exist
2016-06-29 17:39:07 ERROR ConfigurationProperties:325 - java.io.FileNotFoundException: File 'vuoto' does not exist
2016-06-29 18:49:31 ERROR ConfigurationProperties:324 - java.io.FileNotFoundException: File 'vuoto' does not exist
2016-06-29 18:49:36 ERROR ConfigurationProperties:324 - java.io.FileNotFoundException: File 'vuoto' does not exist
2016-06-29 18:50:11 ERROR ConfigurationProperties:324 - java.io.FileNotFoundException: File 'vuoto' does not exist
2016-06-29 21:18:13 ERROR Page:66 - org.jsoup.HttpStatusException: HTTP error fetching URL. Status=404, URL=http://localhost:8080/testForMultilingualFilter/oneGoodAndOneBadOutlink.html
2016-06-29 21:19:36 ERROR Page:66 - java.lang.IllegalArgumentException: protocol = http host = null
2016-06-29 21:19:36 ERROR Page:66 - java.lang.IllegalArgumentException: protocol = http host = null
2016-06-29 21:19:36 ERROR Page:66 - java.lang.IllegalArgumentException: protocol = http host = null
2016-06-29 21:25:11 ERROR OutlinkMultilingualDetector:133 - java.net.MalformedURLException: no protocol: 
2016-06-29 21:25:11 ERROR OutlinkMultilingualDetector:133 - java.net.MalformedURLException: no protocol: 
2016-06-29 21:25:11 ERROR OutlinkMultilingualDetector:133 - java.net.MalformedURLException: no protocol: 
2016-06-29 21:41:50 ERROR Page:68 - java.lang.IllegalArgumentException: protocol = http host = nullhttp:
2016-06-29 21:42:25 ERROR Page:68 - java.lang.IllegalArgumentException: protocol = http host = null URL: http:
2016-06-29 21:44:19 ERROR OutlinkMultilingualDetector:135 - java.lang.IllegalArgumentException: protocol = http host = null
2016-06-29 21:45:26 ERROR OutlinkMultilingualDetector:135 - java.lang.IllegalArgumentException: protocol = http host = null
2016-06-29 21:45:26 ERROR OutlinkMultilingualDetector:135 - java.lang.IllegalArgumentException: protocol = http host = null
2016-06-29 21:45:27 ERROR OutlinkMultilingualDetector:135 - java.lang.IllegalArgumentException: protocol = http host = null
2016-06-29 21:45:50 ERROR OutlinkMultilingualDetector:135 - protocol = http host = null
2016-06-29 21:45:50 ERROR OutlinkMultilingualDetector:135 - protocol = http host = null
2016-06-29 21:45:51 ERROR OutlinkMultilingualDetector:135 - protocol = http host = null
2016-06-29 21:46:06 ERROR OutlinkMultilingualDetector:135 - [Ljava.lang.StackTraceElement;@5025a98f
2016-06-29 21:46:06 ERROR OutlinkMultilingualDetector:135 - [Ljava.lang.StackTraceElement;@49993335
2016-06-29 21:46:06 ERROR OutlinkMultilingualDetector:135 - [Ljava.lang.StackTraceElement;@20322d26
2016-06-29 21:46:26 ERROR OutlinkMultilingualDetector:135 - 
2016-06-29 21:46:26 ERROR OutlinkMultilingualDetector:135 - 
2016-06-29 21:46:26 ERROR OutlinkMultilingualDetector:135 - 
2016-06-29 21:58:43 ERROR ConfigurationProperties:290 - java.io.FileNotFoundException: File 'dasd' does not exist
2016-06-29 22:00:17 ERROR ConfigurationProperties:290 - java.io.FileNotFoundException: File 'dasd' does not exist
2016-06-29 22:00:26 ERROR ConfigurationProperties:290 - java.io.FileNotFoundException: File 'dasd' does not exist
2016-06-29 22:04:21 ERROR OutlinkMultilingualDetector:135 - java.lang.IllegalArgumentException: protocol = http host = null
2016-06-29 22:04:21 ERROR OutlinkMultilingualDetector:135 - java.lang.IllegalArgumentException: protocol = http host = null
2016-06-29 22:04:21 ERROR OutlinkMultilingualDetector:135 - java.lang.IllegalArgumentException: protocol = http host = null
2016-06-29 22:04:47 ERROR OutlinkMultilingualDetector:135 - java.lang.IllegalArgumentException: protocol = http host = null
2016-06-29 23:27:13 ERROR LanguageFilter:51 - com.cybozu.labs.langdetect.LangDetectException: no features in text
2016-06-29 23:28:41 ERROR LanguageFilter:51 - com.cybozu.labs.langdetect.LangDetectException: no features in text
2016-06-29 23:28:41 ERROR LanguageFilter:52 - Impossible to verify language in: http://localhost:8080/testForPreHomepageMultilingualDetection/noOutlink.html
2016-06-29 23:29:16 ERROR LanguageFilter:51 - com.cybozu.labs.langdetect.LangDetectException: no features in text
Impossible to verify language in: http://localhost:8080/testForPreHomepageMultilingualDetection/noOutlink.html
2016-06-29 23:38:54 ERROR LanguageFilter:46 - com.cybozu.labs.langdetect.LangDetectException: no features in text
Impossible to verify language in: http://localhost:8080/testForPreHomepageMultilingualDetection/langDetectionError.html or in http://localhost:8080/testForPreHomepageMultilingualDetection/noOutlink.html
2016-06-29 23:48:34 ERROR OutlinkMultilingualDetector:135 - java.lang.IllegalArgumentException: protocol = http host = null
2016-06-29 23:48:34 ERROR OutlinkMultilingualDetector:135 - java.lang.IllegalArgumentException: protocol = http host = null
2016-06-29 23:48:34 ERROR OutlinkMultilingualDetector:135 - java.lang.IllegalArgumentException: protocol = http host = null
2016-06-29 23:48:34 ERROR OutlinkMultilingualDetector:135 - java.lang.IllegalArgumentException: protocol = http host = null
2016-06-29 23:48:34 ERROR OutlinkMultilingualDetector:135 - java.lang.IllegalArgumentException: protocol = http host = null
2016-06-29 23:48:34 ERROR OutlinkMultilingualDetector:135 - java.lang.IllegalArgumentException: protocol = http host = null
2016-06-29 23:48:34 ERROR OutlinkMultilingualDetector:135 - java.lang.IllegalArgumentException: protocol = http host = null
2016-06-29 23:48:35 ERROR OutlinkMultilingualDetector:135 - java.lang.IllegalArgumentException: protocol = http host = null
2016-06-29 23:48:35 ERROR OutlinkMultilingualDetector:135 - java.lang.IllegalArgumentException: protocol = http host = null
2016-06-29 23:48:38 ERROR OutlinkMultilingualDetector:135 - java.lang.IllegalArgumentException: protocol = http host = null
2016-06-29 23:48:38 ERROR OutlinkMultilingualDetector:135 - java.lang.IllegalArgumentException: protocol = http host = null
2016-06-29 23:48:38 ERROR OutlinkMultilingualDetector:135 - java.lang.IllegalArgumentException: protocol = http host = null
2016-06-29 23:48:38 ERROR OutlinkMultilingualDetector:135 - java.lang.IllegalArgumentException: protocol = http host = null
2016-06-29 23:48:38 ERROR OutlinkMultilingualDetector:135 - java.lang.IllegalArgumentException: protocol = http host = null
2016-06-29 23:48:38 ERROR OutlinkMultilingualDetector:135 - java.lang.IllegalArgumentException: protocol = http host = null
2016-06-29 23:48:41 ERROR OutlinkMultilingualDetector:135 - java.lang.IllegalArgumentException: protocol = http host = null
2016-06-29 23:48:41 ERROR OutlinkMultilingualDetector:135 - java.lang.IllegalArgumentException: protocol = http host = null
2016-06-29 23:48:41 ERROR OutlinkMultilingualDetector:135 - java.lang.IllegalArgumentException: protocol = http host = null
2016-06-29 23:48:41 ERROR OutlinkMultilingualDetector:135 - java.lang.IllegalArgumentException: protocol = http host = null
2016-06-29 23:48:41 ERROR OutlinkMultilingualDetector:135 - java.lang.IllegalArgumentException: protocol = http host = null
2016-06-29 23:48:41 ERROR OutlinkMultilingualDetector:135 - java.lang.IllegalArgumentException: protocol = http host = null
2016-06-29 23:48:41 ERROR OutlinkMultilingualDetector:135 - java.lang.IllegalArgumentException: protocol = http host = null
2016-06-29 23:48:46 ERROR OutlinkMultilingualDetector:135 - java.lang.IllegalArgumentException: protocol = http host = null
2016-06-29 23:48:46 ERROR OutlinkMultilingualDetector:135 - java.lang.IllegalArgumentException: protocol = http host = null
2016-06-29 23:48:46 ERROR OutlinkMultilingualDetector:135 - java.lang.IllegalArgumentException: protocol = http host = null
2016-06-29 23:48:46 ERROR OutlinkMultilingualDetector:135 - java.lang.IllegalArgumentException: protocol = http host = null
2016-06-29 23:48:46 ERROR OutlinkMultilingualDetector:135 - java.lang.IllegalArgumentException: protocol = http host = null
2016-06-29 23:48:46 ERROR OutlinkMultilingualDetector:135 - java.lang.IllegalArgumentException: protocol = http host = null
2016-06-29 23:48:46 ERROR OutlinkMultilingualDetector:135 - java.lang.IllegalArgumentException: protocol = http host = null
2016-06-29 23:51:58 ERROR OutlinkMultilingualDetector:135 - java.lang.IllegalArgumentException: protocol = http host = null
2016-06-29 23:51:58 ERROR OutlinkMultilingualDetector:135 - java.lang.IllegalArgumentException: protocol = http host = null
2016-06-29 23:51:58 ERROR OutlinkMultilingualDetector:135 - java.lang.IllegalArgumentException: protocol = http host = null
2016-06-29 23:52:03 ERROR OutlinkMultilingualDetector:135 - java.lang.IllegalArgumentException: protocol = http host = null
2016-06-29 23:52:05 ERROR OutlinkMultilingualDetector:135 - java.lang.IllegalArgumentException: protocol = http host = null
2016-06-29 23:52:05 ERROR OutlinkMultilingualDetector:135 - java.lang.IllegalArgumentException: protocol = http host = null
2016-06-29 23:52:07 ERROR OutlinkMultilingualDetector:135 - java.lang.IllegalArgumentException: protocol = http host = null
2016-06-29 23:52:07 ERROR OutlinkMultilingualDetector:135 - java.lang.IllegalArgumentException: protocol = http host = null
2016-06-29 23:52:09 ERROR OutlinkMultilingualDetector:135 - java.lang.IllegalArgumentException: protocol = http host = null
2016-06-29 23:52:10 ERROR OutlinkMultilingualDetector:135 - java.lang.IllegalArgumentException: protocol = http host = null
2016-06-29 23:52:10 ERROR OutlinkMultilingualDetector:135 - java.lang.IllegalArgumentException: protocol = http host = null
2016-06-29 23:52:10 ERROR OutlinkMultilingualDetector:135 - java.lang.IllegalArgumentException: protocol = http host = null
2016-06-29 23:52:16 ERROR OutlinkMultilingualDetector:135 - java.lang.IllegalArgumentException: protocol = http host = null
2016-06-29 23:52:16 ERROR OutlinkMultilingualDetector:135 - java.lang.IllegalArgumentException: protocol = http host = null
2016-06-29 23:52:17 ERROR OutlinkMultilingualDetector:135 - java.lang.IllegalArgumentException: protocol = http host = null
2016-06-29 23:52:17 ERROR OutlinkMultilingualDetector:135 - java.lang.IllegalArgumentException: protocol = http host = null
2016-06-29 23:52:17 ERROR OutlinkMultilingualDetector:135 - java.lang.IllegalArgumentException: protocol = http host = null
2016-06-29 23:52:17 ERROR OutlinkMultilingualDetector:135 - java.lang.IllegalArgumentException: protocol = http host = null
2016-06-29 23:52:17 ERROR OutlinkMultilingualDetector:135 - java.lang.IllegalArgumentException: protocol = http host = null
2016-06-29 23:54:44 ERROR OutlinkMultilingualDetector:135 - java.lang.IllegalArgumentException: protocol = http host = null <option value="en_US">English (USA)</option>
2016-06-29 23:54:44 ERROR OutlinkMultilingualDetector:135 - java.lang.IllegalArgumentException: protocol = http host = null <option value="sv_SE">Svenska</option>
2016-06-29 23:54:44 ERROR OutlinkMultilingualDetector:135 - java.lang.IllegalArgumentException: protocol = http host = null <option value="pt_PT">Português (Portugal)</option>
2016-06-29 23:54:46 ERROR OutlinkMultilingualDetector:135 - java.lang.IllegalArgumentException: protocol = http host = null <option value="cs_CZ">Čeština</option>
2016-06-29 23:54:48 ERROR OutlinkMultilingualDetector:135 - java.lang.IllegalArgumentException: protocol = http host = null <option value="de_DE">Deutsch</option>
2016-06-29 23:54:48 ERROR OutlinkMultilingualDetector:135 - java.lang.IllegalArgumentException: protocol = http host = null <option value="en_AU">English (Australia)</option>
2016-06-29 23:54:49 ERROR OutlinkMultilingualDetector:135 - java.lang.IllegalArgumentException: protocol = http host = null <option value="ar_SA">العربية</option>
2016-06-29 23:54:49 ERROR OutlinkMultilingualDetector:135 - java.lang.IllegalArgumentException: protocol = http host = null <option value="hi_IN">हिन्दी</option>
2016-06-29 23:54:49 ERROR OutlinkMultilingualDetector:135 - java.lang.IllegalArgumentException: protocol = http host = null <option value="es_ES">Español (España)</option>
2016-06-29 23:54:50 ERROR OutlinkMultilingualDetector:135 - java.lang.IllegalArgumentException: protocol = http host = null <option value="nl_NL">Nederlands</option>
2016-06-29 23:54:50 ERROR OutlinkMultilingualDetector:135 - java.lang.IllegalArgumentException: protocol = http host = null <option value="en_GB">English (UK)</option>
2016-06-29 23:54:50 ERROR OutlinkMultilingualDetector:135 - java.lang.IllegalArgumentException: protocol = http host = null <option value="en_CA">English (Canada)</option>
2016-06-29 23:54:51 ERROR OutlinkMultilingualDetector:135 - java.lang.IllegalArgumentException: protocol = http host = null <option value="fi_FI">Suomi</option>
2016-06-29 23:54:51 ERROR OutlinkMultilingualDetector:135 - java.lang.IllegalArgumentException: protocol = http host = null <option value="fr_CA">Français (Canada)</option>
2016-06-29 23:54:52 ERROR OutlinkMultilingualDetector:135 - java.lang.IllegalArgumentException: protocol = http host = null <option value="tr_TR">Türkçe</option>
2016-06-29 23:54:52 ERROR OutlinkMultilingualDetector:135 - java.lang.IllegalArgumentException: protocol = http host = null <option value="pt_BR">Português (Brasil)</option>
2016-06-29 23:54:52 ERROR OutlinkMultilingualDetector:135 - java.lang.IllegalArgumentException: protocol = http host = null <option value="es_MX">Español</option>
2016-06-29 23:54:52 ERROR OutlinkMultilingualDetector:135 - java.lang.IllegalArgumentException: protocol = http host = null <option value="it_IT" selected>Italiano</option>
2016-06-29 23:54:52 ERROR OutlinkMultilingualDetector:135 - java.lang.IllegalArgumentException: protocol = http host = null <option value="fr_FR">Français (France)</option>
2016-06-29 23:56:14 ERROR OutlinkMultilingualDetector:135 - java.lang.IllegalArgumentException: protocol = http host = null Assicurati di avere href all'interno di <option value="en_US">English (USA)</option>
2016-06-29 23:56:14 ERROR OutlinkMultilingualDetector:135 - java.lang.IllegalArgumentException: protocol = http host = null Assicurati di avere href all'interno di <option value="sv_SE">Svenska</option>
2016-06-29 23:56:14 ERROR OutlinkMultilingualDetector:135 - java.lang.IllegalArgumentException: protocol = http host = null Assicurati di avere href all'interno di <option value="pt_PT">Português (Portugal)</option>
2016-06-29 23:56:16 ERROR OutlinkMultilingualDetector:135 - java.lang.IllegalArgumentException: protocol = http host = null Assicurati di avere href all'interno di <option value="cs_CZ">Čeština</option>
2016-06-29 23:56:19 ERROR OutlinkMultilingualDetector:135 - java.lang.IllegalArgumentException: protocol = http host = null Assicurati di avere href all'interno di <option value="de_DE">Deutsch</option>
2016-06-29 23:56:19 ERROR OutlinkMultilingualDetector:135 - java.lang.IllegalArgumentException: protocol = http host = null Assicurati di avere href all'interno di <option value="en_AU">English (Australia)</option>
2016-06-30 08:03:15 ERROR CybozuLanguageDetector:108 - com.cybozu.labs.langdetect.LangDetectException: no features in textfail detection for 2332
2016-06-30 08:03:50 ERROR CybozuLanguageDetector:108 - com.cybozu.labs.langdetect.LangDetectException: no features in text failed detection for 0000
2016-06-30 08:04:21 ERROR CybozuLanguageDetector:108 - com.cybozu.labs.langdetect.LangDetectException: no features in text failed detection for 0000
2016-06-30 08:04:55 ERROR CybozuLanguageDetector:108 - com.cybozu.labs.langdetect.LangDetectException: no features in text failed detection for ===
2016-06-30 08:05:32 ERROR CybozuLanguageDetector:108 - com.cybozu.labs.langdetect.LangDetectException: no features in text failed detection for ===
2016-06-30 08:05:32 ERROR CybozuLanguageDetector:108 - com.cybozu.labs.langdetect.LangDetectException: no features in text failed detection for 0000
2016-06-30 08:09:33 ERROR CybozuLanguageDetector:108 - com.cybozu.labs.langdetect.LangDetectException: no features in text failed detection for ===
2016-06-30 08:09:33 ERROR CybozuLanguageDetector:108 - com.cybozu.labs.langdetect.LangDetectException: no features in text failed detection for 0000
2016-06-30 08:10:27 ERROR CybozuLanguageDetector:108 - com.cybozu.labs.langdetect.LangDetectException: no features in text failed detection for ===
2016-06-30 08:10:27 ERROR CybozuLanguageDetector:108 - com.cybozu.labs.langdetect.LangDetectException: no features in text failed detection for 0000
2016-06-30 08:12:12 ERROR CybozuLanguageDetector:108 - com.cybozu.labs.langdetect.LangDetectException: no features in text failed detection for ===
2016-06-30 08:12:12 ERROR CybozuLanguageDetector:108 - com.cybozu.labs.langdetect.LangDetectException: no features in text failed detection for 0000
2016-06-30 08:12:48 ERROR CybozuLanguageDetector:108 - com.cybozu.labs.langdetect.LangDetectException: no features in text failed detection for ===
2016-06-30 08:12:48 ERROR CybozuLanguageDetector:108 - com.cybozu.labs.langdetect.LangDetectException: no features in text failed detection for 0000
2016-06-30 08:16:32 ERROR CybozuLanguageDetector:108 - com.cybozu.labs.langdetect.LangDetectException: no features in text failed detection for ===
2016-06-30 08:16:32 ERROR CybozuLanguageDetector:108 - com.cybozu.labs.langdetect.LangDetectException: no features in text failed detection for 0000
2016-06-30 08:16:47 ERROR CybozuLanguageDetector:108 - com.cybozu.labs.langdetect.LangDetectException: no features in text failed detection for ===
2016-06-30 08:16:47 ERROR CybozuLanguageDetector:108 - com.cybozu.labs.langdetect.LangDetectException: no features in text failed detection for 0000
2016-06-30 08:16:56 ERROR CybozuLanguageDetector:108 - com.cybozu.labs.langdetect.LangDetectException: no features in text failed detection for ===
2016-06-30 08:16:56 ERROR CybozuLanguageDetector:108 - com.cybozu.labs.langdetect.LangDetectException: no features in text failed detection for 0000
2016-06-30 08:38:39 ERROR CybozuLanguageDetector:108 - com.cybozu.labs.langdetect.LangDetectException: no features in text failed detection for ===
2016-06-30 08:38:39 ERROR CybozuLanguageDetector:108 - com.cybozu.labs.langdetect.LangDetectException: no features in text failed detection for ===
2016-06-30 08:38:39 ERROR CybozuLanguageDetector:108 - com.cybozu.labs.langdetect.LangDetectException: no features in text failed detection for 0000
2016-06-30 08:38:39 ERROR CybozuLanguageDetector:108 - com.cybozu.labs.langdetect.LangDetectException: no features in text failed detection for 0000
2016-06-30 08:39:19 ERROR CybozuLanguageDetector:108 - com.cybozu.labs.langdetect.LangDetectException: no features in text failed detection for ===
2016-06-30 08:39:19 ERROR CybozuLanguageDetector:108 - com.cybozu.labs.langdetect.LangDetectException: no features in text failed detection for 0000
2016-06-30 08:40:28 ERROR CybozuLanguageDetector:108 - com.cybozu.labs.langdetect.LangDetectException: no features in text failed detection for ===
2016-06-30 08:40:28 ERROR CybozuLanguageDetector:108 - com.cybozu.labs.langdetect.LangDetectException: no features in text failed detection for 0000
2016-06-30 08:42:56 ERROR CybozuLanguageDetector:108 - com.cybozu.labs.langdetect.LangDetectException: no features in text failed detection for ===
2016-06-30 08:42:56 ERROR CybozuLanguageDetector:108 - com.cybozu.labs.langdetect.LangDetectException: no features in text failed detection for 0000
2016-06-30 08:46:44 ERROR CybozuLanguageDetector:108 - com.cybozu.labs.langdetect.LangDetectException: no features in text failed detection for ===
2016-06-30 08:46:50 ERROR CybozuLanguageDetector:108 - com.cybozu.labs.langdetect.LangDetectException: no features in text failed detection for 0000
2016-06-30 08:51:11 ERROR CybozuLanguageDetector:108 - com.cybozu.labs.langdetect.LangDetectException: no features in text failed detection for ===
2016-06-30 08:51:11 ERROR CybozuLanguageDetector:108 - com.cybozu.labs.langdetect.LangDetectException: no features in text failed detection for 0000
2016-06-30 08:51:21 ERROR CybozuLanguageDetector:108 - com.cybozu.labs.langdetect.LangDetectException: no features in text failed detection for ===
2016-06-30 08:51:21 ERROR CybozuLanguageDetector:108 - com.cybozu.labs.langdetect.LangDetectException: no features in text failed detection for 0000
2016-06-30 08:51:37 ERROR CybozuLanguageDetector:108 - com.cybozu.labs.langdetect.LangDetectException: no features in text failed detection for ===
2016-06-30 08:51:37 ERROR CybozuLanguageDetector:108 - com.cybozu.labs.langdetect.LangDetectException: no features in text failed detection for 0000
2016-06-30 08:52:04 ERROR CybozuLanguageDetector:108 - com.cybozu.labs.langdetect.LangDetectException: no features in text failed detection for ===
2016-06-30 08:52:04 ERROR CybozuLanguageDetector:108 - com.cybozu.labs.langdetect.LangDetectException: no features in text failed detection for 0000
2016-06-30 08:52:27 ERROR CybozuLanguageDetector:108 - com.cybozu.labs.langdetect.LangDetectException: no features in text failed detection for ===
2016-06-30 08:52:27 ERROR CybozuLanguageDetector:108 - com.cybozu.labs.langdetect.LangDetectException: no features in text failed detection for 0000
2016-06-30 08:58:31 ERROR CybozuLanguageDetector:108 - com.cybozu.labs.langdetect.LangDetectException: no features in text failed detection for ===
2016-06-30 08:58:31 ERROR CybozuLanguageDetector:108 - com.cybozu.labs.langdetect.LangDetectException: no features in text failed detection for 0000
2016-06-30 09:00:05 ERROR CybozuLanguageDetector:108 - com.cybozu.labs.langdetect.LangDetectException: no features in text failed detection for ===
2016-06-30 09:00:05 ERROR CybozuLanguageDetector:108 - com.cybozu.labs.langdetect.LangDetectException: no features in text failed detection for 0000
2016-06-30 09:00:17 ERROR CybozuLanguageDetector:108 - com.cybozu.labs.langdetect.LangDetectException: no features in text failed detection for ===
2016-06-30 09:00:17 ERROR CybozuLanguageDetector:108 - com.cybozu.labs.langdetect.LangDetectException: no features in text failed detection for 0000
2016-06-30 09:00:45 ERROR CybozuLanguageDetector:108 - com.cybozu.labs.langdetect.LangDetectException: no features in text failed detection for ===
2016-06-30 09:00:45 ERROR CybozuLanguageDetector:108 - com.cybozu.labs.langdetect.LangDetectException: no features in text failed detection for 0000
2016-06-30 09:00:57 ERROR CybozuLanguageDetector:108 - com.cybozu.labs.langdetect.LangDetectException: no features in text failed detection for ===
2016-06-30 09:00:57 ERROR CybozuLanguageDetector:108 - com.cybozu.labs.langdetect.LangDetectException: no features in text failed detection for 0000
2016-06-30 09:01:52 ERROR CybozuLanguageDetector:108 - com.cybozu.labs.langdetect.LangDetectException: no features in text failed detection for ===
2016-06-30 09:01:52 ERROR CybozuLanguageDetector:108 - com.cybozu.labs.langdetect.LangDetectException: no features in text failed detection for 0000
2016-06-30 09:03:40 ERROR CybozuLanguageDetector:108 - com.cybozu.labs.langdetect.LangDetectException: no features in text failed detection for ===
2016-06-30 09:03:40 ERROR CybozuLanguageDetector:108 - com.cybozu.labs.langdetect.LangDetectException: no features in text failed detection for 0000
2016-06-30 09:03:40 ERROR LanguageFilter:46 - com.cybozu.labs.langdetect.LangDetectException: no features in text
Impossible to verify language in: http://localhost:8080/testForPreHomepageMultilingualDetection/langDetectionError.html or in http://localhost:8080/testForPreHomepageMultilingualDetection/noOutlink.html
2016-06-30 09:04:16 ERROR CybozuLanguageDetector:108 - com.cybozu.labs.langdetect.LangDetectException: no features in text failed detection for ===
2016-06-30 09:04:16 ERROR CybozuLanguageDetector:108 - com.cybozu.labs.langdetect.LangDetectException: no features in text failed detection for 0000
2016-06-30 09:04:16 ERROR LanguageFilter:46 - com.cybozu.labs.langdetect.LangDetectException: no features in text
Impossible to verify language in: http://localhost:8080/testForPreHomepageMultilingualDetection/langDetectionError.html or in http://localhost:8080/testForPreHomepageMultilingualDetection/noOutlink.html
